E:\CODE\PROGRAM\DTS\DEBUG\DTS.EXE
E:\CODE\PROGRAM\DTS\DEBUG\DTS.ILK
E:\CODE\PROGRAM\DTS\DEBUG\DTS.PDB
E:\Code\Program\DTS\DTS\Debug\cl.command.1.tlog
E:\Code\Program\DTS\DTS\Debug\CL.read.1.tlog
E:\Code\Program\DTS\DTS\Debug\CL.write.1.tlog
E:\CODE\PROGRAM\DTS\DTS\DEBUG\DTS.EXE.EMBED.MANIFEST
E:\CODE\PROGRAM\DTS\DTS\DEBUG\DTS.EXE.EMBED.MANIFEST.RES
E:\CODE\PROGRAM\DTS\DTS\DEBUG\DTS.EXE.INTERMEDIATE.MANIFEST
E:\CODE\PROGRAM\DTS\DTS\DEBUG\DTS.OBJ
E:\CODE\PROGRAM\DTS\DTS\DEBUG\DTS.PCH
E:\Code\Program\DTS\DTS\Debug\DTS.vcxprojResolveAssemblyReference.cache
E:\Code\Program\DTS\DTS\Debug\DTS.write.1.tlog
E:\Code\Program\DTS\DTS\Debug\DTS_manifest.rc
E:\Code\Program\DTS\DTS\Debug\link.12844.read.1.tlog
E:\Code\Program\DTS\DTS\Debug\link.12844.write.1.tlog
E:\Code\Program\DTS\DTS\Debug\link.12844-cvtres.read.1.tlog
E:\Code\Program\DTS\DTS\Debug\link.12844-cvtres.write.1.tlog
E:\Code\Program\DTS\DTS\Debug\link.2764.read.1.tlog
E:\Code\Program\DTS\DTS\Debug\link.2764.write.1.tlog
E:\Code\Program\DTS\DTS\Debug\link.2764-cvtres.read.1.tlog
E:\Code\Program\DTS\DTS\Debug\link.2764-cvtres.write.1.tlog
E:\Code\Program\DTS\DTS\Debug\link.5616.read.1.tlog
E:\Code\Program\DTS\DTS\Debug\link.5616.write.1.tlog
E:\Code\Program\DTS\DTS\Debug\link.5616-cvtres.read.1.tlog
E:\Code\Program\DTS\DTS\Debug\link.5616-cvtres.write.1.tlog
E:\Code\Program\DTS\DTS\Debug\link.6796.read.1.tlog
E:\Code\Program\DTS\DTS\Debug\link.6796.write.1.tlog
E:\Code\Program\DTS\DTS\Debug\link.6796-cvtres.read.1.tlog
E:\Code\Program\DTS\DTS\Debug\link.6796-cvtres.write.1.tlog
E:\Code\Program\DTS\DTS\Debug\link.8772.read.1.tlog
E:\Code\Program\DTS\DTS\Debug\link.8772.write.1.tlog
E:\Code\Program\DTS\DTS\Debug\link.8772-cvtres.read.1.tlog
E:\Code\Program\DTS\DTS\Debug\link.8772-cvtres.write.1.tlog
E:\Code\Program\DTS\DTS\Debug\link.command.1.tlog
E:\Code\Program\DTS\DTS\Debug\link.read.1.tlog
E:\Code\Program\DTS\DTS\Debug\link.write.1.tlog
E:\Code\Program\DTS\DTS\Debug\link-cvtres.read.1.tlog
E:\Code\Program\DTS\DTS\Debug\link-cvtres.write.1.tlog
E:\Code\Program\DTS\DTS\Debug\mt.command.1.tlog
E:\Code\Program\DTS\DTS\Debug\mt.read.1.tlog
E:\Code\Program\DTS\DTS\Debug\mt.write.1.tlog
E:\Code\Program\DTS\DTS\Debug\rc.command.1.tlog
E:\Code\Program\DTS\DTS\Debug\rc.read.1.tlog
E:\Code\Program\DTS\DTS\Debug\rc.write.1.tlog
E:\CODE\PROGRAM\DTS\DTS\DEBUG\STDAFX.OBJ
E:\Code\Program\DTS\DTS\Debug\vc100.idb
E:\CODE\PROGRAM\DTS\DTS\DEBUG\VC100.PDB
